<?xml version="1.0" encoding="UTF-8"?>
<!-- Generated by org.testng.reporters.JUnitReportReporter -->
<testsuite skipped="0" hostname="2015080004-3WVP" name="PC_paytest.PC_Credit_card.AppTest" tests="1" failures="0" timestamp="27 2ì›” 2019 07:19:03 GMT" time="18.265" errors="0">
  <testcase name="test" time="18.265" classname="PC_paytest.PC_Credit_card.AppTest"/>
</testsuite> <!-- PC_paytest.PC_Credit_card.AppTest -->
